************************************************************************

AQUASIM Version 2.1_beta01 (win/mfc) - List File

************************************************************************

Date and time of listing:  01/17/1999  22:29:10

Name of plot: C_t


Type:	Argument	Value	Argument	Value	Argument	Value
Variable:	t	C	t	C	t	C
Parameter:						
CalcNum:		0		0		0
Compart.:		River1		River1		River1
Zone:		Water Column		Water Column		Sediment Layer1
Time/Space:		0		1		1
Unit:	d	mg/l	d	mg/l	d	mg/l
Legend:		input		water column		sediment
	0	0.6065	0	0	0	0
	0.01	0.667	0.01	7.023e-114	0.01	0
	0.02	0.7261	0.02	-7.479e-090	0.02	0
	0.03	0.7827	0.03	1.026e-082	0.03	0
	0.04	0.8353	0.04	-3.04e-076	0.04	0
	0.05	0.8825	0.05	-3.987e-063	0.05	0
	0.06	0.9231	0.06	-3.326e-059	0.06	0
	0.07	0.956	0.07	-1.71e-055	0.07	0
	0.08	0.9802	0.08	-2.433e-052	0.08	0
	0.09	0.995	0.09	6.716e-051	0.09	0
	0.1	1	0.1	2.685e-046	0.1	0
	0.11	0.995	0.11	2.373e-043	0.11	0
	0.12	0.9802	0.12	1.006e-040	0.12	0
	0.13	0.956	0.13	5.222e-037	0.13	0
	0.14	0.9231	0.14	4.284e-035	0.14	0
	0.15	0.8825	0.15	5.556e-033	0.15	0
	0.16	0.8353	0.16	5.564e-031	0.16	0
	0.17	0.7827	0.17	3.538e-029	0.17	0
	0.18	0.7261	0.18	1.562e-027	0.18	0
	0.19	0.667	0.19	5.148e-026	0.19	0
	0.2	0.6065	0.2	1.33e-024	0.2	0
	0.21	0.5461	0.21	2.788e-023	0.21	0
	0.22	0.4868	0.22	4.858e-022	0.22	0
	0.23	0.4296	0.23	7.171e-021	0.23	0
	0.24	0.3753	0.24	9.104e-020	0.24	0
	0.25	0.3247	0.25	1.006e-018	0.25	0
	0.26	0.278	0.26	9.773e-018	0.26	0
	0.27	0.2357	0.27	8.414e-017	0.27	0
	0.28	0.1979	0.28	6.466e-016	0.28	0
	0.29	0.1645	0.29	4.46e-015	0.29	0
	0.3	0.1353	0.3	2.775e-014	0.3	0
	0.31	0.1103	0.31	1.564e-013	0.31	0
	0.32	0.08892	0.32	8.014e-013	0.32	0
	0.33	0.07101	0.33	3.743e-012	0.33	0
	0.34	0.05613	0.34	1.598e-011	0.34	0
	0.35	0.04394	0.35	6.251e-011	0.35	0
	0.36	0.03405	0.36	2.248e-010	0.36	0
	0.37	0.02612	0.37	7.453e-010	0.37	0
	0.38	0.01984	0.38	2.288e-009	0.38	0
	0.39	0.01492	0.39	6.534e-009	0.39	0
	0.4	0.01111	0.4	1.744e-008	0.4	0
	0.41	0.008189	0.41	4.379e-008	0.41	0
	0.42	0.005976	0.42	1.042e-007	0.42	0
	0.43	0.004318	0.43	2.358e-007	0.43	0
	0.44	0.003089	0.44	5.099e-007	0.44	0
	0.45	0.002187	0.45	1.06e-006	0.45	0
	0.46	0.001534	0.46	2.128e-006	0.46	0
	0.47	0.001065	0.47	4.146e-006	0.47	0
	0.48	0.0007318	0.48	7.871e-006	0.48	0
	0.49	0.000498	0.49	1.46e-005	0.49	0
	0.5	0.0003355	0.5	2.655e-005	0.5	0
	0.51	0.0002237	0.51	4.737e-005	0.51	0
	0.52	0.0001477	0.52	8.31e-005	0.52	0
	0.53	9.659e-005	0.53	0.0001434	0.53	0
	0.54	6.252e-005	0.54	0.0002432	0.54	0
	0.55	4.007e-005	0.55	0.0004059	0.55	0
	0.56	2.542e-005	0.56	0.0006657	0.56	0
	0.57	1.597e-005	0.57	0.001073	0.57	0
	0.58	9.93e-006	0.58	0.001696	0.58	0
	0.59	6.114e-006	0.59	0.002632	0.59	0
	0.6	3.727e-006	0.6	0.004004	0.6	0
	0.61	2.249e-006	0.61	0.005972	0.61	0
	0.62	1.344e-006	0.62	0.008731	0.62	0
	0.63	7.949e-007	0.63	0.01251	0.63	0
	0.64	4.656e-007	0.64	0.01758	0.64	0
	0.65	2.7e-007	0.65	0.02421	0.65	0
	0.66	1.55e-007	0.66	0.03272	0.66	0
	0.67	8.812e-008	0.67	0.0434	0.67	0
	0.68	4.959e-008	0.68	0.05651	0.68	0
	0.69	2.763e-008	0.69	0.07228	0.69	0
	0.7	1.524e-008	0.7	0.09089	0.7	0
	0.71	8.32e-009	0.71	0.1124	0.71	0
	0.72	4.495e-009	0.72	0.1368	0.72	0
	0.73	2.407e-009	0.73	0.1639	0.73	0
	0.74	1.276e-009	0.74	0.1935	0.74	0
	0.75	6.695e-010	0.75	0.2252	0.75	0
	0.76	3.479e-010	0.76	0.2586	0.76	0
	0.77	1.79e-010	0.77	0.293	0.77	0
	0.78	9.118e-011	0.78	0.3278	0.78	0
	0.79	4.598e-011	0.79	0.3625	0.79	0
	0.8	2.295e-011	0.8	0.3961	0.8	0
	0.81	1.133e-011	0.81	0.4282	0.81	0
	0.82	5.533e-012	0.82	0.458	0.82	0
	0.83	2.679e-012	0.83	0.4849	0.83	0
	0.84	1.285e-012	0.84	0.5084	0.84	0
	0.85	6.107e-013	0.85	0.5282	0.85	0
	0.86	2.874e-013	0.86	0.5438	0.86	0
	0.87	1.339e-013	0.87	0.5551	0.87	0
	0.88	6.181e-014	0.88	0.562	0.88	0
	0.89	2.822e-014	0.89	0.5644	0.89	0
	0.9	1.276e-014	0.9	0.5625	0.9	0
	0.91	5.691e-015	0.91	0.5564	0.91	0
	0.92	2.513e-015	0.92	0.5464	0.92	0
	0.93	1.09e-015	0.93	0.5328	0.93	0
	0.94	4.835e-016	0.94	0.516	0.94	0
	0.95	1.979e-016	0.95	0.4964	0.95	0
	0.96	9.243e-017	0.96	0.4744	0.96	0
	0.97	3.15e-017	0.97	0.4505	0.97	0
	0.98	2.365e-017	0.98	0.4253	0.98	0
	0.99	-2.5e-018	0.99	0.399	0.99	0
	1	8.908e-018	1	0.3722	1	0
	1.01	-2.746e-018	1.01	0.3452	1.01	0
	1.02	3.238e-018	1.02	0.3186	1.02	0
	1.03	-2.554e-018	1.03	0.2925	1.03	0
	1.04	5.466e-018	1.04	0.2674	1.04	0
	1.05	-5.054e-018	1.05	0.2435	1.05	0
	1.06	-6.992e-020	1.06	0.2209	1.06	0
	1.07	6.051e-018	1.07	0.2	1.07	0
	1.08	-7.331e-018	1.08	0.1808	1.08	0
	1.09	9.548e-018	1.09	0.1635	1.09	0
	1.1	-6.532e-018	1.1	0.148	1.1	0
	1.11	5.122e-018	1.11	0.1345	1.11	0
	1.12	-2.931e-018	1.12	0.1228	1.12	0
	1.13	2.162e-018	1.13	0.113	1.13	0
	1.14	-2.407e-018	1.14	0.1051	1.14	0
	1.15	5.489e-018	1.15	0.09883	1.15	0
	1.16	-7.981e-018	1.16	0.09421	1.16	0
	1.17	9.571e-018	1.17	0.09109	1.17	0
	1.18	-6.367e-018	1.18	0.08936	1.18	0
	1.19	4.802e-018	1.19	0.08886	1.19	0
	1.2	-4.926e-018	1.2	0.08947	1.2	0
	1.21	2.629e-018	1.21	0.09104	1.21	0
	1.22	-4.324e-018	1.22	0.09343	1.22	0
	1.23	3.544e-018	1.23	0.09648	1.23	0
	1.24	-4.459e-018	1.24	0.1001	1.24	0
	1.25	3.799e-018	1.25	0.104	1.25	0
	1.26	-2.415e-018	1.26	0.1082	1.26	0
	1.27	-1.318e-018	1.27	0.1126	1.27	0
	1.28	1.416e-018	1.28	0.1169	1.28	0
	1.29	1.65e-019	1.29	0.1212	1.29	0
	1.3	-3.087e-018	1.3	0.1252	1.3	0
	1.31	9.624e-019	1.31	0.129	1.31	0
	1.32	1.489e-019	1.32	0.1324	1.32	0
	1.33	-1.053e-018	1.33	0.1353	1.33	0
	1.34	9.639e-019	1.34	0.1378	1.34	0
	1.35	1.235e-018	1.35	0.1397	1.35	0
	1.36	-2.223e-018	1.36	0.1411	1.36	0
	1.37	1.873e-019	1.37	0.1418	1.37	0
	1.38	1.264e-018	1.38	0.1419	1.38	0
	1.39	-4.169e-018	1.39	0.1415	1.39	0
	1.4	4.246e-018	1.4	0.1404	1.4	0
	1.41	-2.657e-018	1.41	0.1388	1.41	0
	1.42	-6.659e-019	1.42	0.1365	1.42	0
	1.43	8.157e-019	1.43	0.1338	1.43	0
	1.44	-1.196e-018	1.44	0.1306	1.44	0
	1.45	-2.058e-018	1.45	0.1269	1.45	0
	1.46	3.884e-018	1.46	0.1229	1.46	0
	1.47	-6.612e-018	1.47	0.1185	1.47	0
	1.48	4.136e-018	1.48	0.1138	1.48	0
	1.49	-2.969e-018	1.49	0.1088	1.49	0
	1.5	7.754e-019	1.5	0.1037	1.5	0
	1.51	9.403e-019	1.51	0.09841	1.51	0
	1.52	-2.559e-018	1.52	0.09306	1.52	0
	1.53	6.084e-018	1.53	0.08767	1.53	0
	1.54	-3.771e-018	1.54	0.08229	1.54	0
	1.55	2.042e-018	1.55	0.07694	1.55	0
	1.56	1.218e-018	1.56	0.07169	1.56	0
	1.57	1.776e-018	1.57	0.06655	1.57	0
	1.58	-2.967e-018	1.58	0.06156	1.58	0
	1.59	-8.674e-019	1.59	0.05674	1.59	0
	1.6	1.885e-018	1.6	0.05212	1.6	0
	1.61	-2.868e-018	1.61	0.04771	1.61	0
	1.62	-1.73e-018	1.62	0.04352	1.62	0
	1.63	-5.424e-019	1.63	0.03956	1.63	0
	1.64	5.612e-019	1.64	0.03584	1.64	0
	1.65	-5.23e-019	1.65	0.03236	1.65	0
	1.66	1.172e-018	1.66	0.02912	1.66	0
	1.67	-3.02e-018	1.67	0.02612	1.67	0
	1.68	5.281e-018	1.68	0.02335	1.68	0
	1.69	-6.141e-018	1.69	0.02081	1.69	0
	1.7	4.21e-018	1.7	0.01848	1.7	0
	1.71	-2.146e-018	1.71	0.01636	1.71	0
	1.72	8.651e-020	1.72	0.01444	1.72	0
	1.73	7.792e-019	1.73	0.0127	1.73	0
	1.74	3.64e-019	1.74	0.01114	1.74	0
	1.75	-2.478e-018	1.75	0.009739	1.75	0
	1.76	3.618e-018	1.76	0.008488	1.76	0
	1.77	-4.7e-018	1.77	0.007375	1.77	0
	1.78	5.808e-018	1.78	0.006388	1.78	0
	1.79	-4.428e-018	1.79	0.005516	1.79	0
	1.8	2.239e-018	1.8	0.00475	1.8	0
	1.81	-4.204e-018	1.81	0.004077	1.81	0
	1.82	5.868e-018	1.82	0.003489	1.82	0
	1.83	-2.84e-018	1.83	0.002978	1.83	0
	1.84	4.083e-019	1.84	0.002534	1.84	0
	1.85	-1.683e-018	1.85	0.002149	1.85	0
	1.86	1.651e-018	1.86	0.001818	1.86	0
	1.87	1.418e-019	1.87	0.001534	1.87	0
	1.88	-3.622e-018	1.88	0.00129	1.88	0
	1.89	-8.344e-019	1.89	0.001082	1.89	0
	1.9	2.879e-018	1.9	0.000905	1.9	0
	1.91	-5.797e-019	1.91	0.0007548	1.91	0
	1.92	-2.755e-018	1.92	0.0006278	1.92	0
	1.93	3.3e-018	1.93	0.0005207	1.93	0
	1.94	-7.378e-018	1.94	0.0004307	1.94	0
	1.95	1.343e-017	1.95	0.0003553	1.95	0
	1.96	-1.33e-017	1.96	0.0002923	1.96	0
	1.97	5.775e-018	1.97	0.0002398	1.97	0
	1.98	1.763e-018	1.98	0.0001963	1.98	0
	1.99	-3.693e-019	1.99	0.0001601	1.99	0
	2	-2.507e-018	2	0.0001303	2	0



